<?xml version="1.0" encoding="UTF-8"?>
<!-- Generated by org.testng.reporters.JUnitReportReporter -->
<testsuite skipped="0" hostname="DESKTOP-ST4RK9D" name="com.obsqura.assignmentwithpom.CheckBoxAndRadioButtonTest" tests="1" failures="0" timestamp="15 Dec 2022 09:58:17 GMT" time="12.117" errors="0">
  <testcase name="clickCheckBoxAbdRadioButton" time="12.117" classname="com.obsqura.assignmentwithpom.CheckBoxAndRadioButtonTest"/>
</testsuite> <!-- com.obsqura.assignmentwithpom.CheckBoxAndRadioButtonTest -->
