<?xml version="1.0" encoding="UTF-8"?>
<!-- Generated by org.testng.reporters.JUnitReportReporter -->
<testsuite skipped="0" hostname="DESKTOP-ST4RK9D" name="com.obsqura.assignmentwithpom.TablePageTest" tests="1" failures="0" timestamp="15 Dec 2022 10:36:21 GMT" time="17.344" errors="0">
  <testcase name="verifyGetRow" time="17.344" classname="com.obsqura.assignmentwithpom.TablePageTest"/>
</testsuite> <!-- com.obsqura.assignmentwithpom.TablePageTest -->
