<?xml version="1.0" encoding="UTF-8"?>
<!-- Generated by org.testng.reporters.JUnitReportReporter -->
<testsuite skipped="0" hostname="DESKTOP-ST4RK9D" name="com.obsqura.assignmentwithpom.CommonHeadderPageTest" tests="1" failures="0" timestamp="15 Dec 2022 09:56:44 GMT" time="18.932" errors="0">
  <testcase name="verifyMainMenuClick" time="18.932" classname="com.obsqura.assignmentwithpom.CommonHeadderPageTest"/>
</testsuite> <!-- com.obsqura.assignmentwithpom.CommonHeadderPageTest -->
